<?xml version="1.0" encoding="UTF-8"?>
<testsuite name="com.fse.api.MarketControllerUT" tests="3" skipped="0" failures="0" errors="0" timestamp="2022-10-15T23:48:55" hostname="DESKTOP-7PK3BH1" time="0.284">
  <properties/>
  <testcase name="canGetStockPrices()" classname="com.fse.api.MarketControllerUT" time="0.254"/>
  <testcase name="canSaveStockPrice()" classname="com.fse.api.MarketControllerUT" time="0.012"/>
  <testcase name="canDeleteCompanies()" classname="com.fse.api.MarketControllerUT" time="0.015"/>
  <system-out><![CDATA[18:48:52.517 [Test worker] DEBUG org.springframework.test.context.BootstrapUtils - Instantiating CacheAwareContextLoaderDelegate from class [org.springframework.test.context.cache.DefaultCacheAwareContextLoaderDelegate]
18:48:52.528 [Test worker] DEBUG org.springframework.test.context.BootstrapUtils - Instantiating BootstrapContext using constructor [public org.springframework.test.context.support.DefaultBootstrapContext(java.lang.Class,org.springframework.test.context.CacheAwareContextLoaderDelegate)]
18:48:52.564 [Test worker] DEBUG org.springframework.test.context.BootstrapUtils - Instantiating TestContextBootstrapper for test class [com.fse.api.MarketControllerUT] from class [org.springframework.boot.test.autoconfigure.web.servlet.WebMvcTestContextBootstrapper]
18:48:52.573 [Test worker] INFO org.springframework.boot.test.autoconfigure.web.servlet.WebMvcTestContextBootstrapper - Neither @ContextConfiguration nor @ContextHierarchy found for test class [com.fse.api.MarketControllerUT], using SpringBootContextLoader
18:48:52.577 [Test worker] DEBUG org.springframework.test.context.support.AbstractContextLoader - Did not detect default resource location for test class [com.fse.api.MarketControllerUT]: class path resource [com/fse/api/MarketControllerUT-context.xml] does not exist
18:48:52.577 [Test worker] DEBUG org.springframework.test.context.support.AbstractContextLoader - Did not detect default resource location for test class [com.fse.api.MarketControllerUT]: class path resource [com/fse/api/MarketControllerUTContext.groovy] does not exist
18:48:52.577 [Test worker] INFO org.springframework.test.context.support.AbstractContextLoader - Could not detect default resource locations for test class [com.fse.api.MarketControllerUT]: no resource found for suffixes {-context.xml, Context.groovy}.
18:48:52.578 [Test worker] INFO org.springframework.test.context.support.AnnotationConfigContextLoaderUtils - Could not detect default configuration classes for test class [com.fse.api.MarketControllerUT]: MarketControllerUT does not declare any static, non-private, non-final, nested classes annotated with @Configuration.
18:48:52.646 [Test worker] DEBUG org.springframework.test.context.support.ActiveProfilesUtils - Could not find an 'annotation declaring class' for annotation type [org.springframework.test.context.ActiveProfiles] and class [com.fse.api.MarketControllerUT]
18:48:52.702 [Test worker] DEBUG org.springframework.context.annotation.ClassPathScanningCandidateComponentProvider - Identified candidate component class: file [C:\Users\David\Documents\coding\Cognizant\projects\market-service\build\classes\java\main\com\fse\MarketApplication.class]
18:48:52.704 [Test worker] INFO org.springframework.boot.test.context.SpringBootTestContextBootstrapper - Found @SpringBootConfiguration com.fse.MarketApplication for test class com.fse.api.MarketControllerUT
18:48:52.707 [Test worker] DEBUG org.springframework.boot.test.autoconfigure.web.servlet.WebMvcTestContextBootstrapper - @TestExecutionListeners is not present for class [com.fse.api.MarketControllerUT]: using defaults.
18:48:52.707 [Test worker] INFO org.springframework.boot.test.autoconfigure.web.servlet.WebMvcTestContextBootstrapper - Loaded default TestExecutionListener class names from location [META-INF/spring.factories]: [org.springframework.boot.test.autoconfigure.restdocs.RestDocsTestExecutionListener, org.springframework.boot.test.autoconfigure.web.client.MockRestServiceServerResetTestExecutionListener, org.springframework.boot.test.autoconfigure.web.servlet.MockMvcPrintOnlyOnFailureTestExecutionListener, org.springframework.boot.test.autoconfigure.web.servlet.WebDriverTestExecutionListener, org.springframework.boot.test.autoconfigure.webservices.client.MockWebServiceServerTestExecutionListener, org.springframework.boot.test.mock.mockito.MockitoTestExecutionListener, org.springframework.boot.test.mock.mockito.ResetMocksTestExecutionListener, org.springframework.test.context.web.ServletTestExecutionListener, org.springframework.test.context.support.DirtiesContextBeforeModesTestExecutionListener, org.springframework.test.context.event.ApplicationEventsTestExecutionListener, org.springframework.test.context.support.DependencyInjectionTestExecutionListener, org.springframework.test.context.support.DirtiesContextTestExecutionListener, org.springframework.test.context.transaction.TransactionalTestExecutionListener, org.springframework.test.context.jdbc.SqlScriptsTestExecutionListener, org.springframework.test.context.event.EventPublishingTestExecutionListener]
18:48:52.724 [Test worker] INFO org.springframework.boot.test.autoconfigure.web.servlet.WebMvcTestContextBootstrapper - Using TestExecutionListeners: [org.springframework.test.context.web.ServletTestExecutionListener@644c78d4, org.springframework.test.context.support.DirtiesContextBeforeModesTestExecutionListener@532a02d9, org.springframework.test.context.event.ApplicationEventsTestExecutionListener@611f8234, org.springframework.boot.test.mock.mockito.MockitoTestExecutionListener@7bb3a9fe, org.springframework.boot.test.autoconfigure.SpringBootDependencyInjectionTestExecutionListener@7cbee484, org.springframework.test.context.support.DirtiesContextTestExecutionListener@7f811d00, org.springframework.test.context.transaction.TransactionalTestExecutionListener@62923ee6, org.springframework.test.context.jdbc.SqlScriptsTestExecutionListener@4089713, org.springframework.test.context.event.EventPublishingTestExecutionListener@f19c9d2, org.springframework.boot.test.autoconfigure.restdocs.RestDocsTestExecutionListener@7807ac2c, org.springframework.boot.test.autoconfigure.web.client.MockRestServiceServerResetTestExecutionListener@b91d8c4, org.springframework.boot.test.autoconfigure.web.servlet.MockMvcPrintOnlyOnFailureTestExecutionListener@4b6166aa, org.springframework.boot.test.autoconfigure.web.servlet.WebDriverTestExecutionListener@a77614d, org.springframework.boot.test.autoconfigure.webservices.client.MockWebServiceServerTestExecutionListener@4fd4cae3, org.springframework.boot.test.mock.mockito.ResetMocksTestExecutionListener@4a067c25]
18:48:52.727 [Test worker] DEBUG org.springframework.test.context.support.AbstractDirtiesContextTestExecutionListener - Before test class: context [DefaultTestContext@3bffddff testClass = MarketControllerUT, testInstance = [null], testMethod = [null], testException = [null], mergedContextConfiguration = [WebMergedContextConfiguration@66971f6b testClass = MarketControllerUT, locations = '{}', classes = '{class com.fse.MarketApplication}', contextInitializerClasses = '[]', activeProfiles = '{}', propertySourceLocations = '{}', propertySourceProperties = '{org.springframework.boot.test.autoconfigure.web.servlet.WebMvcTestContextBootstrapper=true}', contextCustomizers = set[org.springframework.boot.test.autoconfigure.OverrideAutoConfigurationContextCustomizerFactory$DisableAutoConfigurationContextCustomizer@7b8233cd, org.springframework.boot.test.autoconfigure.actuate.metrics.MetricsExportContextCustomizerFactory$DisableMetricExportContextCustomizer@4da602fc, org.springframework.boot.test.autoconfigure.filter.TypeExcludeFiltersContextCustomizer@47b2a9c3, org.springframework.boot.test.autoconfigure.properties.PropertyMappingContextCustomizer@f2c5bfbd, org.springframework.boot.test.autoconfigure.web.servlet.WebDriverContextCustomizerFactory$Customizer@5974109, [ImportsContextCustomizer@50687efb key = [org.springframework.boot.autoconfigure.cache.CacheAutoConfiguration, org.springframework.boot.autoconfigure.context.MessageSourceAutoConfiguration, org.springframework.boot.autoconfigure.data.web.SpringDataWebAutoConfiguration, org.springframework.boot.autoconfigure.freemarker.FreeMarkerAutoConfiguration, org.springframework.boot.autoconfigure.groovy.template.GroovyTemplateAutoConfiguration, org.springframework.boot.autoconfigure.gson.GsonAutoConfiguration, org.springframework.boot.autoconfigure.hateoas.HypermediaAutoConfiguration, org.springframework.boot.autoconfigure.http.HttpMessageConvertersAutoConfiguration, org.springframework.boot.autoconfigure.jackson.JacksonAutoConfiguration, org.springframework.boot.autoconfigure.jsonb.JsonbAutoConfiguration, org.springframework.boot.autoconfigure.mustache.MustacheAutoConfiguration, org.springframework.boot.autoconfigure.task.TaskExecutionAutoConfiguration, org.springframework.boot.autoconfigure.thymeleaf.ThymeleafAutoConfiguration, org.springframework.boot.autoconfigure.validation.ValidationAutoConfiguration, org.springframework.boot.autoconfigure.web.servlet.error.ErrorMvcAutoConfiguration, org.springframework.boot.autoconfigure.web.servlet.HttpEncodingAutoConfiguration, org.springframework.boot.autoconfigure.web.servlet.WebMvcAutoConfiguration, org.springframework.boot.test.autoconfigure.web.servlet.MockMvcAutoConfiguration, org.springframework.boot.test.autoconfigure.web.servlet.MockMvcWebClientAutoConfiguration, org.springframework.boot.test.autoconfigure.web.servlet.MockMvcWebDriverAutoConfiguration, org.springframework.boot.autoconfigure.security.oauth2.client.servlet.OAuth2ClientAutoConfiguration, org.springframework.boot.autoconfigure.security.oauth2.resource.servlet.OAuth2ResourceServerAutoConfiguration, org.springframework.boot.autoconfigure.security.servlet.SecurityAutoConfiguration, org.springframework.boot.autoconfigure.security.servlet.SecurityFilterAutoConfiguration, org.springframework.boot.autoconfigure.security.servlet.UserDetailsServiceAutoConfiguration, org.springframework.boot.test.autoconfigure.web.servlet.MockMvcSecurityConfiguration, org.springframework.boot.test.autoconfigure.web.reactive.WebTestClientAutoConfiguration]], org.springframework.boot.test.context.filter.ExcludeFilterContextCustomizer@1eb6749b, org.springframework.boot.test.json.DuplicateJsonObjectContextCustomizerFactory$DuplicateJsonObjectContextCustomizer@2bef51f2, org.springframework.boot.test.mock.mockito.MockitoContextCustomizer@509f6a38, org.springframework.boot.test.context.SpringBootTestArgs@1, org.springframework.boot.test.context.SpringBootTestWebEnvironment@0], resourceBasePath = 'src/main/webapp', contextLoader = 'org.springframework.boot.test.context.SpringBootContextLoader', parent = [null]], attributes = map[[empty]]], class annotated with @DirtiesContext [false] with mode [null].

  .   ____          _            __ _ _
 /\\ / ___'_ __ _ _(_)_ __  __ _ \ \ \ \
( ( )\___ | '_ | '_| | '_ \/ _` | \ \ \ \
 \\/  ___)| |_)| | | | | || (_| |  ) ) ) )
  '  |____| .__|_| |_|_| |_\__, | / / / /
 =========|_|==============|___/=/_/_/_/
 :: Spring Boot ::                (v2.7.0)

2022-10-15 18:48:53.504  INFO 31344 --- [    Test worker] com.fse.api.MarketControllerUT           : Starting MarketControllerUT using Java 18.0.2 on DESKTOP-7PK3BH1 with PID 31344 (started by David in C:\Users\David\Documents\coding\Cognizant\projects\market-service)
2022-10-15 18:48:53.505  INFO 31344 --- [    Test worker] com.fse.api.MarketControllerUT           : No active profile set, falling back to 1 default profile: "default"
2022-10-15 18:48:55.212  INFO 31344 --- [    Test worker] o.s.b.t.m.w.SpringBootMockServletContext : Initializing Spring TestDispatcherServlet ''
2022-10-15 18:48:55.213  INFO 31344 --- [    Test worker] o.s.t.web.servlet.TestDispatcherServlet  : Initializing Servlet ''
2022-10-15 18:48:55.214  INFO 31344 --- [    Test worker] o.s.t.web.servlet.TestDispatcherServlet  : Completed initialization in 1 ms
2022-10-15 18:48:55.243  INFO 31344 --- [    Test worker] com.fse.api.MarketControllerUT           : Started MarketControllerUT in 2.075 seconds (JVM running for 3.603)
2022-10-15 18:48:55.410  INFO 31344 --- [    Test worker] com.fse.api.MarketController             : Request to: findByCompanyAndDate
2022-10-15 18:48:55.523  INFO 31344 --- [    Test worker] com.fse.api.MarketController             : Request to: addStockPrice
2022-10-15 18:48:55.531  INFO 31344 --- [    Test worker] com.fse.api.MarketController             : Request to: deleteSpecificCompanyEntry
]]></system-out>
  <system-err><![CDATA[]]></system-err>
</testsuite>
