<?xml version="1.0" encoding="UTF-8"?>
<testsuite name="com.fse.api.CompanyControllerUT" tests="5" skipped="0" failures="0" errors="0" timestamp="2022-10-15T22:43:08" hostname="DESKTOP-7PK3BH1" time="0.264">
  <properties/>
  <testcase name="canRegisterCompanies_fails()" classname="com.fse.api.CompanyControllerUT" time="0.151"/>
  <testcase name="canRegisterCompanies()" classname="com.fse.api.CompanyControllerUT" time="0.008"/>
  <testcase name="canRetrieveByCompanyCodeWhenExists()" classname="com.fse.api.CompanyControllerUT" time="0.076"/>
  <testcase name="canRetrieveCompanies()" classname="com.fse.api.CompanyControllerUT" time="0.011"/>
  <testcase name="canDeleteCompanies()" classname="com.fse.api.CompanyControllerUT" time="0.013"/>
  <system-out><![CDATA[17:43:06.628 [Test worker] DEBUG org.springframework.test.context.BootstrapUtils - Instantiating CacheAwareContextLoaderDelegate from class [org.springframework.test.context.cache.DefaultCacheAwareContextLoaderDelegate]
17:43:06.639 [Test worker] DEBUG org.springframework.test.context.BootstrapUtils - Instantiating BootstrapContext using constructor [public org.springframework.test.context.support.DefaultBootstrapContext(java.lang.Class,org.springframework.test.context.CacheAwareContextLoaderDelegate)]
17:43:06.669 [Test worker] DEBUG org.springframework.test.context.BootstrapUtils - Instantiating TestContextBootstrapper for test class [com.fse.api.CompanyControllerUT] from class [org.springframework.boot.test.autoconfigure.web.servlet.WebMvcTestContextBootstrapper]
17:43:06.678 [Test worker] INFO org.springframework.boot.test.autoconfigure.web.servlet.WebMvcTestContextBootstrapper - Neither @ContextConfiguration nor @ContextHierarchy found for test class [com.fse.api.CompanyControllerUT], using SpringBootContextLoader
17:43:06.681 [Test worker] DEBUG org.springframework.test.context.support.AbstractContextLoader - Did not detect default resource location for test class [com.fse.api.CompanyControllerUT]: class path resource [com/fse/api/CompanyControllerUT-context.xml] does not exist
17:43:06.682 [Test worker] DEBUG org.springframework.test.context.support.AbstractContextLoader - Did not detect default resource location for test class [com.fse.api.CompanyControllerUT]: class path resource [com/fse/api/CompanyControllerUTContext.groovy] does not exist
17:43:06.682 [Test worker] INFO org.springframework.test.context.support.AbstractContextLoader - Could not detect default resource locations for test class [com.fse.api.CompanyControllerUT]: no resource found for suffixes {-context.xml, Context.groovy}.
17:43:06.682 [Test worker] INFO org.springframework.test.context.support.AnnotationConfigContextLoaderUtils - Could not detect default configuration classes for test class [com.fse.api.CompanyControllerUT]: CompanyControllerUT does not declare any static, non-private, non-final, nested classes annotated with @Configuration.
17:43:06.744 [Test worker] DEBUG org.springframework.test.context.support.ActiveProfilesUtils - Could not find an 'annotation declaring class' for annotation type [org.springframework.test.context.ActiveProfiles] and class [com.fse.api.CompanyControllerUT]
17:43:06.795 [Test worker] DEBUG org.springframework.context.annotation.ClassPathScanningCandidateComponentProvider - Identified candidate component class: file [C:\Users\David\Documents\coding\Cognizant\projects\company-service\build\classes\java\main\com\fse\CompanyApplication.class]
17:43:06.796 [Test worker] INFO org.springframework.boot.test.context.SpringBootTestContextBootstrapper - Found @SpringBootConfiguration com.fse.CompanyApplication for test class com.fse.api.CompanyControllerUT
17:43:06.798 [Test worker] DEBUG org.springframework.boot.test.autoconfigure.web.servlet.WebMvcTestContextBootstrapper - @TestExecutionListeners is not present for class [com.fse.api.CompanyControllerUT]: using defaults.
17:43:06.799 [Test worker] INFO org.springframework.boot.test.autoconfigure.web.servlet.WebMvcTestContextBootstrapper - Loaded default TestExecutionListener class names from location [META-INF/spring.factories]: [org.springframework.boot.test.autoconfigure.restdocs.RestDocsTestExecutionListener, org.springframework.boot.test.autoconfigure.web.client.MockRestServiceServerResetTestExecutionListener, org.springframework.boot.test.autoconfigure.web.servlet.MockMvcPrintOnlyOnFailureTestExecutionListener, org.springframework.boot.test.autoconfigure.web.servlet.WebDriverTestExecutionListener, org.springframework.boot.test.autoconfigure.webservices.client.MockWebServiceServerTestExecutionListener, org.springframework.boot.test.mock.mockito.MockitoTestExecutionListener, org.springframework.boot.test.mock.mockito.ResetMocksTestExecutionListener, org.springframework.test.context.web.ServletTestExecutionListener, org.springframework.test.context.support.DirtiesContextBeforeModesTestExecutionListener, org.springframework.test.context.event.ApplicationEventsTestExecutionListener, org.springframework.test.context.support.DependencyInjectionTestExecutionListener, org.springframework.test.context.support.DirtiesContextTestExecutionListener, org.springframework.test.context.transaction.TransactionalTestExecutionListener, org.springframework.test.context.jdbc.SqlScriptsTestExecutionListener, org.springframework.test.context.event.EventPublishingTestExecutionListener]
17:43:06.814 [Test worker] INFO org.springframework.boot.test.autoconfigure.web.servlet.WebMvcTestContextBootstrapper - Using TestExecutionListeners: [org.springframework.test.context.web.ServletTestExecutionListener@6e9319f, org.springframework.test.context.support.DirtiesContextBeforeModesTestExecutionListener@72e34f77, org.springframework.test.context.event.ApplicationEventsTestExecutionListener@7bf9b098, org.springframework.boot.test.mock.mockito.MockitoTestExecutionListener@389adf1d, org.springframework.boot.test.autoconfigure.SpringBootDependencyInjectionTestExecutionListener@77307458, org.springframework.test.context.support.DirtiesContextTestExecutionListener@1fc0053e, org.springframework.test.context.transaction.TransactionalTestExecutionListener@290b1b2e, org.springframework.test.context.jdbc.SqlScriptsTestExecutionListener@47874b25, org.springframework.test.context.event.EventPublishingTestExecutionListener@33617539, org.springframework.boot.test.autoconfigure.restdocs.RestDocsTestExecutionListener@2c177f9e, org.springframework.boot.test.autoconfigure.web.client.MockRestServiceServerResetTestExecutionListener@5db4c359, org.springframework.boot.test.autoconfigure.web.servlet.MockMvcPrintOnlyOnFailureTestExecutionListener@209775a9, org.springframework.boot.test.autoconfigure.web.servlet.WebDriverTestExecutionListener@18e7143f, org.springframework.boot.test.autoconfigure.webservices.client.MockWebServiceServerTestExecutionListener@f9b7332, org.springframework.boot.test.mock.mockito.ResetMocksTestExecutionListener@74cec793]
17:43:06.817 [Test worker] DEBUG org.springframework.test.context.support.AbstractDirtiesContextTestExecutionListener - Before test class: context [DefaultTestContext@644c78d4 testClass = CompanyControllerUT, testInstance = [null], testMethod = [null], testException = [null], mergedContextConfiguration = [WebMergedContextConfiguration@532a02d9 testClass = CompanyControllerUT, locations = '{}', classes = '{class com.fse.CompanyApplication}', contextInitializerClasses = '[]', activeProfiles = '{}', propertySourceLocations = '{}', propertySourceProperties = '{org.springframework.boot.test.autoconfigure.web.servlet.WebMvcTestContextBootstrapper=true}', contextCustomizers = set[org.springframework.boot.test.autoconfigure.OverrideAutoConfigurationContextCustomizerFactory$DisableAutoConfigurationContextCustomizer@7e22550a, org.springframework.boot.test.autoconfigure.actuate.metrics.MetricsExportContextCustomizerFactory$DisableMetricExportContextCustomizer@5bc9ba1d, org.springframework.boot.test.autoconfigure.filter.TypeExcludeFiltersContextCustomizer@df954c0f, org.springframework.boot.test.autoconfigure.properties.PropertyMappingContextCustomizer@dd93b5fe, org.springframework.boot.test.autoconfigure.web.servlet.WebDriverContextCustomizerFactory$Customizer@2bb7bd00, [ImportsContextCustomizer@611f8234 key = [org.springframework.boot.autoconfigure.cache.CacheAutoConfiguration, org.springframework.boot.autoconfigure.context.MessageSourceAutoConfiguration, org.springframework.boot.autoconfigure.data.web.SpringDataWebAutoConfiguration, org.springframework.boot.autoconfigure.freemarker.FreeMarkerAutoConfiguration, org.springframework.boot.autoconfigure.groovy.template.GroovyTemplateAutoConfiguration, org.springframework.boot.autoconfigure.gson.GsonAutoConfiguration, org.springframework.boot.autoconfigure.hateoas.HypermediaAutoConfiguration, org.springframework.boot.autoconfigure.http.HttpMessageConvertersAutoConfiguration, org.springframework.boot.autoconfigure.jackson.JacksonAutoConfiguration, org.springframework.boot.autoconfigure.jsonb.JsonbAutoConfiguration, org.springframework.boot.autoconfigure.mustache.MustacheAutoConfiguration, org.springframework.boot.autoconfigure.task.TaskExecutionAutoConfiguration, org.springframework.boot.autoconfigure.thymeleaf.ThymeleafAutoConfiguration, org.springframework.boot.autoconfigure.validation.ValidationAutoConfiguration, org.springframework.boot.autoconfigure.web.servlet.error.ErrorMvcAutoConfiguration, org.springframework.boot.autoconfigure.web.servlet.HttpEncodingAutoConfiguration, org.springframework.boot.autoconfigure.web.servlet.WebMvcAutoConfiguration, org.springframework.boot.test.autoconfigure.web.servlet.MockMvcAutoConfiguration, org.springframework.boot.test.autoconfigure.web.servlet.MockMvcWebClientAutoConfiguration, org.springframework.boot.test.autoconfigure.web.servlet.MockMvcWebDriverAutoConfiguration, org.springframework.boot.autoconfigure.security.oauth2.client.servlet.OAuth2ClientAutoConfiguration, org.springframework.boot.autoconfigure.security.oauth2.resource.servlet.OAuth2ResourceServerAutoConfiguration, org.springframework.boot.autoconfigure.security.servlet.SecurityAutoConfiguration, org.springframework.boot.autoconfigure.security.servlet.SecurityFilterAutoConfiguration, org.springframework.boot.autoconfigure.security.servlet.UserDetailsServiceAutoConfiguration, org.springframework.boot.test.autoconfigure.web.servlet.MockMvcSecurityConfiguration, org.springframework.boot.test.autoconfigure.web.reactive.WebTestClientAutoConfiguration]], org.springframework.boot.test.context.filter.ExcludeFilterContextCustomizer@3918c187, org.springframework.boot.test.json.DuplicateJsonObjectContextCustomizerFactory$DuplicateJsonObjectContextCustomizer@388ba540, org.springframework.boot.test.mock.mockito.MockitoContextCustomizer@c959281a, org.springframework.boot.test.context.SpringBootTestArgs@1, org.springframework.boot.test.context.SpringBootTestWebEnvironment@0], resourceBasePath = 'src/main/webapp', contextLoader = 'org.springframework.boot.test.context.SpringBootContextLoader', parent = [null]], attributes = map[[empty]]], class annotated with @DirtiesContext [false] with mode [null].

  .   ____          _            __ _ _
 /\\ / ___'_ __ _ _(_)_ __  __ _ \ \ \ \
( ( )\___ | '_ | '_| | '_ \/ _` | \ \ \ \
 \\/  ___)| |_)| | | | | || (_| |  ) ) ) )
  '  |____| .__|_| |_|_| |_\__, | / / / /
 =========|_|==============|___/=/_/_/_/
 :: Spring Boot ::                (v2.7.0)

2022-10-15 17:43:07.511  INFO 34076 --- [    Test worker] com.fse.api.CompanyControllerUT          : Starting CompanyControllerUT using Java 18.0.2 on DESKTOP-7PK3BH1 with PID 34076 (started by David in C:\Users\David\Documents\coding\Cognizant\projects\company-service)
2022-10-15 17:43:07.512  INFO 34076 --- [    Test worker] com.fse.api.CompanyControllerUT          : No active profile set, falling back to 1 default profile: "default"
2022-10-15 17:43:08.874  INFO 34076 --- [    Test worker] o.s.b.t.m.w.SpringBootMockServletContext : Initializing Spring TestDispatcherServlet ''
2022-10-15 17:43:08.875  INFO 34076 --- [    Test worker] o.s.t.web.servlet.TestDispatcherServlet  : Initializing Servlet ''
2022-10-15 17:43:08.876  INFO 34076 --- [    Test worker] o.s.t.web.servlet.TestDispatcherServlet  : Completed initialization in 1 ms
2022-10-15 17:43:08.904  INFO 34076 --- [    Test worker] com.fse.api.CompanyControllerUT          : Started CompanyControllerUT in 1.694 seconds (JVM running for 3.071)
2022-10-15 17:43:09.042  INFO 34076 --- [    Test worker] com.fse.api.CompanyController            : Request to: registerCompany
2022-10-15 17:43:09.045  INFO 34076 --- [    Test worker] com.fse.api.CompanyController            : Error: The company was missing field(s) or had a turnover that was too low to register.
2022-10-15 17:43:09.071  INFO 34076 --- [    Test worker] com.fse.api.CompanyController            : Request to: registerCompany
2022-10-15 17:43:09.071  INFO 34076 --- [    Test worker] com.fse.api.CompanyController            : Company Saved Successfully
2022-10-15 17:43:09.088  INFO 34076 --- [    Test worker] com.fse.api.CompanyController            : Request to: findSpecificCompany
2022-10-15 17:43:09.155  INFO 34076 --- [    Test worker] com.fse.api.CompanyController            : Request to: findAll
2022-10-15 17:43:09.168  INFO 34076 --- [    Test worker] com.fse.api.CompanyController            : Request to: deleteSpecificCompany
]]></system-out>
  <system-err><![CDATA[]]></system-err>
</testsuite>
