<?xml version="1.0" encoding="UTF-8"?>
<testsuite name="com.fse.business.concretes.CompanyServiceUT" tests="6" skipped="0" failures="0" errors="0" timestamp="2022-10-15T22:43:09" hostname="DESKTOP-7PK3BH1" time="0.022">
  <properties/>
  <testcase name="canValidate()" classname="com.fse.business.concretes.CompanyServiceUT" time="0.009"/>
  <testcase name="canValidateFalseWithFailedTurnover()" classname="com.fse.business.concretes.CompanyServiceUT" time="0.002"/>
  <testcase name="canValidateFalseWithNoStockExchange()" classname="com.fse.business.concretes.CompanyServiceUT" time="0.002"/>
  <testcase name="canValidateFalseWithEmptyCompanyCEO()" classname="com.fse.business.concretes.CompanyServiceUT" time="0.002"/>
  <testcase name="canValidateFalseWithEmptyCompanyName()" classname="com.fse.business.concretes.CompanyServiceUT" time="0.001"/>
  <testcase name="canValidateFalseWithNoWebsite()" classname="com.fse.business.concretes.CompanyServiceUT" time="0.002"/>
  <system-out><![CDATA[2022-10-15 17:43:09.184  INFO 34076 --- [    Test worker] o.s.t.c.support.AbstractContextLoader    : Could not detect default resource locations for test class [com.fse.business.concretes.CompanyServiceUT]: no resource found for suffixes {-context.xml, Context.groovy}.
2022-10-15 17:43:09.189  INFO 34076 --- [    Test worker] .b.t.c.SpringBootTestContextBootstrapper : Loaded default TestExecutionListener class names from location [META-INF/spring.factories]: [org.springframework.boot.test.autoconfigure.restdocs.RestDocsTestExecutionListener, org.springframework.boot.test.autoconfigure.web.client.MockRestServiceServerResetTestExecutionListener, org.springframework.boot.test.autoconfigure.web.servlet.MockMvcPrintOnlyOnFailureTestExecutionListener, org.springframework.boot.test.autoconfigure.web.servlet.WebDriverTestExecutionListener, org.springframework.boot.test.autoconfigure.webservices.client.MockWebServiceServerTestExecutionListener, org.springframework.boot.test.mock.mockito.MockitoTestExecutionListener, org.springframework.boot.test.mock.mockito.ResetMocksTestExecutionListener, org.springframework.test.context.web.ServletTestExecutionListener, org.springframework.test.context.support.DirtiesContextBeforeModesTestExecutionListener, org.springframework.test.context.event.ApplicationEventsTestExecutionListener, org.springframework.test.context.support.DependencyInjectionTestExecutionListener, org.springframework.test.context.support.DirtiesContextTestExecutionListener, org.springframework.test.context.transaction.TransactionalTestExecutionListener, org.springframework.test.context.jdbc.SqlScriptsTestExecutionListener, org.springframework.test.context.event.EventPublishingTestExecutionListener]
2022-10-15 17:43:09.190  INFO 34076 --- [    Test worker] .b.t.c.SpringBootTestContextBootstrapper : Using TestExecutionListeners: [org.springframework.test.context.web.ServletTestExecutionListener@6f4adaab, org.springframework.test.context.support.DirtiesContextBeforeModesTestExecutionListener@69de72ec, org.springframework.test.context.event.ApplicationEventsTestExecutionListener@21c99abf, org.springframework.boot.test.mock.mockito.MockitoTestExecutionListener@6d6f6ca9, org.springframework.boot.test.autoconfigure.SpringBootDependencyInjectionTestExecutionListener@54496c2d, org.springframework.test.context.support.DirtiesContextTestExecutionListener@4e1a3d5a, org.springframework.test.context.transaction.TransactionalTestExecutionListener@236b4a44, org.springframework.test.context.jdbc.SqlScriptsTestExecutionListener@35f760a4, org.springframework.test.context.event.EventPublishingTestExecutionListener@2ac05a33, org.springframework.boot.test.autoconfigure.restdocs.RestDocsTestExecutionListener@35af52dc, org.springframework.boot.test.autoconfigure.web.client.MockRestServiceServerResetTestExecutionListener@4cef0747, org.springframework.boot.test.autoconfigure.web.servlet.MockMvcPrintOnlyOnFailureTestExecutionListener@4213bc3e, org.springframework.boot.test.autoconfigure.web.servlet.WebDriverTestExecutionListener@6aaa678d, org.springframework.boot.test.autoconfigure.webservices.client.MockWebServiceServerTestExecutionListener@25dcf1b6, org.springframework.boot.test.mock.mockito.ResetMocksTestExecutionListener@113d0f75]

  .   ____          _            __ _ _
 /\\ / ___'_ __ _ _(_)_ __  __ _ \ \ \ \
( ( )\___ | '_ | '_| | '_ \/ _` | \ \ \ \
 \\/  ___)| |_)| | | | | || (_| |  ) ) ) )
  '  |____| .__|_| |_|_| |_\__, | / / / /
 =========|_|==============|___/=/_/_/_/
 :: Spring Boot ::                (v2.7.0)

2022-10-15 17:43:09.213  INFO 34076 --- [    Test worker] c.f.business.concretes.CompanyServiceUT  : Starting CompanyServiceUT using Java 18.0.2 on DESKTOP-7PK3BH1 with PID 34076 (started by David in C:\Users\David\Documents\coding\Cognizant\projects\company-service)
2022-10-15 17:43:09.213  INFO 34076 --- [    Test worker] c.f.business.concretes.CompanyServiceUT  : No active profile set, falling back to 1 default profile: "default"
2022-10-15 17:43:09.224  INFO 34076 --- [    Test worker] c.f.business.concretes.CompanyServiceUT  : Started CompanyServiceUT in 0.032 seconds (JVM running for 3.391)
]]></system-out>
  <system-err><![CDATA[]]></system-err>
</testsuite>
